<?xml version="1.0" encoding="UTF-8" ?>
<testsuite tests="1" failures="1" name="TestSuite" time="0.057" errors="0" skipped="0">
  <properties>
[...]
</properties>
  <testcase classname="TestSuite.LoginTest" name="submitForm" time="0.057">
    <failure type="java.lang.NullPointerException">java.lang.NullPointerException
	at base.BasePage.&lt;init&gt;(BasePage.java:13)
	at pages.LoginPage.&lt;init&gt;(LoginPage.java:27)
	at TestSuite.LoginTest.submitForm(LoginTest.java:17)
</failure>
    <system-out>Configuring TestNG with: org.apache.maven.surefire.testng.conf.TestNG652Configurator@44e81672
</system-out>
    <system-err>Starting ChromeDriver 110.0.5481.77 (65ed616c6e8ee3fe0ad64fe83796c020644d42af-refs/branch-heads/5481@{#839}) on port 5080
Only local connections are allowed.
Please see https://chromedriver.chromium.org/security-considerations for suggestions on keeping ChromeDriver safe.
ChromeDriver was started successfully.
[1677148104.717][WARNING]: virtual void DevToolsClientImpl::AddListener(DevToolsEventListener *) subscribing a listener to the already connected DevToolsClient. Connection notification will not arrive.
Feb 23, 2023 12:28:24 PM org.openqa.selenium.devtools.CdpVersionFinder findNearestMatch
WARNING: Unable to find an exact match for CDP version 110, so returning the closest version found: 108
</system-err>
  </testcase>
</testsuite>